<?xml version="1.0" encoding="UTF-8"?>
<!-- Generated by org.testng.reporters.JUnitReportReporter -->
<testsuite hostname="LAPTOP-8LV2OBVU" failures="0" tests="3" name="testcases.TC003_ValidateBookAppointmentTest" time="18.874" errors="0" timestamp="2024-07-31T17:37:34 IST" skipped="0">
  <testcase classname="testcases.TC003_ValidateBookAppointmentTest" name="ValidateBookAppointmentTest" time="6.373"/>
  <testcase classname="testcases.TC003_ValidateBookAppointmentTest" name="ValidateBookAppointmentTest" time="6.028"/>
  <testcase classname="testcases.TC003_ValidateBookAppointmentTest" name="ValidateBookAppointmentTest" time="6.473"/>
</testsuite> <!-- testcases.TC003_ValidateBookAppointmentTest -->
