<?xml version="1.0" encoding="UTF-8"?>
<!-- Generated by org.testng.reporters.JUnitReportReporter -->
<testsuite hostname="LAPTOP-8LV2OBVU" failures="0" tests="4" name="testcases.TC002_InvalidLoginTest" time="20.855" errors="0" timestamp="2024-07-31T17:37:34 IST" skipped="0">
  <testcase classname="testcases.TC002_InvalidLoginTest" name="invalidLoginTest" time="5.259"/>
  <testcase classname="testcases.TC002_InvalidLoginTest" name="invalidLoginTest" time="5.173"/>
  <testcase classname="testcases.TC002_InvalidLoginTest" name="invalidLoginTest" time="5.131"/>
  <testcase classname="testcases.TC002_InvalidLoginTest" name="invalidLoginTest" time="5.292"/>
</testsuite> <!-- testcases.TC002_InvalidLoginTest -->
