<?xml version="1.0" encoding="UTF-8"?>
<!-- Generated by org.testng.reporters.JUnitReportReporter -->
<testsuite hostname="LAPTOP-8LV2OBVU" failures="0" tests="1" name="testcases.TC005_ValidAppoinmentHistoryTest" time="6.407" errors="0" timestamp="2024-07-31T17:37:34 IST" skipped="0">
  <testcase classname="testcases.TC005_ValidAppoinmentHistoryTest" name="validAppoinmentHistoryTest" time="6.407"/>
</testsuite> <!-- testcases.TC005_ValidAppoinmentHistoryTest -->
